<?xml version="1.0" encoding="UTF-8"?>
<testng-results skipped="0" failed="0" ignored="0" total="2" passed="2">
  <reporter-output>
  </reporter-output>
  <suite name="Default suite" duration-ms="218" started-at="2019-10-13T18:07:42 IST" finished-at="2019-10-13T18:07:42 IST">
    <groups>
    </groups>
    <test name="Default test" duration-ms="218" started-at="2019-10-13T18:07:42 IST" finished-at="2019-10-13T18:07:42 IST">
      <class name="testcase.TestDataprovider">
        <test-method status="PASS" signature="testlogin(java.lang.String, java.lang.String)[pri:0, instance:testcase.TestDataprovider@3632be31]" name="testlogin" duration-ms="39" started-at="2019-10-13T18:07:42 IST" data-provider="login" finished-at="2019-10-13T18:07:42 IST">
          <params>
            <param index="0">
              <value>
                <![CDATA[manager]]>
              </value>
            </param>
            <param index="1">
              <value>
                <![CDATA[123]]>
              </value>
            </param>
          </params>
          <reporter-output>
          </reporter-output>
        </test-method> <!-- testlogin -->
        <test-method status="PASS" signature="testlogin(java.lang.String, java.lang.String)[pri:0, instance:testcase.TestDataprovider@3632be31]" name="testlogin" duration-ms="5" started-at="2019-10-13T18:07:42 IST" data-provider="login" finished-at="2019-10-13T18:07:42 IST">
          <params>
            <param index="0">
              <value>
                <![CDATA[Admin]]>
              </value>
            </param>
            <param index="1">
              <value>
                <![CDATA[456]]>
              </value>
            </param>
          </params>
          <reporter-output>
          </reporter-output>
        </test-method> <!-- testlogin -->
      </class> <!-- testcase.TestDataprovider -->
    </test> <!-- Default test -->
  </suite> <!-- Default suite -->
</testng-results>
